 - - - - - - - - - - - - - - F A S E: 1 - - - - - - - - - - - - - - - - - - - - - 

Iteration: 1  q: 0  p: 22  Theta: 0.5555555555555556  z: 2549.6666666666665  
Iteration: 2  q: 2  p: 21  Theta: 0.4535537190082645  z: 2281.767603305785  
Iteration: 3  q: 5  p: 29  Theta: 1.5770562867293814  z: 1734.1005295734362  
Iteration: 4  q: 6  p: 25  Theta: 0.5412728372175685  z: 1274.8871635176704  
Iteration: 5  q: 3  p: 27  Theta: 0.7683566811416951  z: 1025.2735598138586  
Iteration: 6  q: 1  p: 23  Theta: 0.4917124911095661  z: 949.9287874295276  
Iteration: 7  q: 4  p: 2  Theta: 0.2724948260110422  z: 867.2346266016432  
Iteration: 8  q: 9  p: 26  Theta: 0.0533035605312257  z: 801.8024873138162  
Iteration: 9  q: 2  p: 1  Theta: 0.40553106345632667  z: 731.3647459709309  
Iteration: 10  q: 7  p: 20  Theta: 2.1950087296656693  z: 116.98443057089173  
Iteration: 11  q: 1  p: 28  Theta: 0.2271069191522759  z: 85.7974220729449  
Iteration: 12  q: 12  p: 24  Theta: 0.22175305863895162  z: -2.4158453015843406e-13  

Optim!!!


Optim solution:
vb = 7  4  0  2  12  6  9  3  1  5  
xb = 2.79  1.79  1.46  3.23  0.22  1.06  1.38  0.08  0.47  2.05  
z = -2.4158453015843406e-13
r = 0.0  0.0  0.0  0.0  0.0  0.0  0.0  0.0  0.0  0.0  

 - - - - - - - - - - - - - - F A S E: 2 - - - - - - - - - - - - - - - - - - - - - 

Iteration: 1  q: 8  p: 3  Theta: 0.1812792046967372  z: 162.0936099898425  
Iteration: 2  q: 10  p: 1  Theta: 0.1449636187822147  z: 157.17451587942  
Iteration: 3  q: 3  p: 9  Theta: 0.6324601266851063  z: 132.9422637018809  
Iteration: 4  q: 11  p: 7  Theta: 0.7433429085344005  z: 54.785707227464584  
Iteration: 5  q: 1  p: 8  Theta: 0.6157078946818635  z: 49.44120598512241  
Iteration: 6  q: 9  p: 1  Theta: 0.9540567495984742  z: -18.834788314638118  
Iteration: 7  q: 13  p: 10  Theta: 0.06306177478300179  z: -29.057393185023205  
Iteration: 8  q: 15  p: 6  Theta: 232.87781851662962  z: -177.26705356132524  
Iteration: 9  q: 10  p: 2  Theta: 1.997402462792648  z: -264.39702538166205  
Iteration: 10  q: 16  p: 9  Theta: 83.19114207057436  z: -301.26484876976264  
Iteration: 11  q: 18  p: 13  Theta: 27.01878851777439  z: -318.7911143299151  
Iteration: 12  q: 9  p: 0  Theta: 0.05472517661290583  z: -320.0178355243206  
Iteration: 13  q: 17  p: 9  Theta: 7.289745486753966  z: -322.8677942757067  
Iteration: 14  q: 2  p: 10  Theta: 1.337778557828489  z: -383.33993609677407  
Iteration: 15  q: 19  p: 3  Theta: 311.69602058332146  z: -469.3124924349628  

Optim!!!


Optim solution:
vb = 11  4  17  2  12  15  19  16  18  5  
xb = 3.68  1.56  44.28  1.28  2.77  249.89  311.7  244.47  43.18  2.51  
z = -469.3124924349628
r = 163.9  161.54  30.06  44.3  62.58  2.02  73.07  31.88  81.47  0.48  
