 - - - - - - - - - - - - - - F A S E: 1 - - - - - - - - - - - - - - - - - - - - - 

Iteration: 1  q: 0  p: 27  Theta: 8.886075949367088  z: 3959.1645569620255  
Iteration: 2  q: 1  p: 0  Theta: 7.468085106382979  z: 2813.6170212765965  
Iteration: 3  q: 2  p: 26  Theta: 1.6480793060718713  z: 2122.0198265179683  
Iteration: 4  q: 0  p: 24  Theta: 7.3108044634582905  z: 1332.6884846330604  
Iteration: 5  q: 4  p: 1  Theta: 0.33612986893075536  z: 1237.1074113089726  
Iteration: 6  q: 3  p: 25  Theta: 1.0151444016877322  z: 1087.8874535298473  
Iteration: 7  q: 1  p: 30  Theta: 4.09129337515314  z: 1014.0559137771713  
Iteration: 8  q: 5  p: 32  Theta: 1.5430956489284766  z: 405.6393791629979  
Iteration: 9  q: 8  p: 1  Theta: 0.14935753450181025  z: 386.8027263486666  
Iteration: 10  q: 9  p: 29  Theta: 0.0733938739203854  z: 386.2202612961368  
Iteration: 11  q: 10  p: 31  Theta: 0.2552017175390028  z: 352.23098037502075  
Iteration: 12  q: 1  p: 28  Theta: 0.6067150750564029  z: 185.3241965153759  
Iteration: 13  q: 6  p: 3  Theta: 0.7146468436800733  z: 145.13165332730355  
Iteration: 14  q: 7  p: 6  Theta: 0.6017221224481125  z: 137.65221723147812  
Iteration: 15  q: 11  p: 8  Theta: 1.6249950357688046  z: 9.665680541772275  
Iteration: 16  q: 6  p: 33  Theta: 0.2798445132267903  z: 9.343636975245317e-13  

Optim!!!


Optim solution:
vb = 0  7  2  4  1  9  11  10  5  6  
xb = 1.28  1.42  0.8  1.05  1.54  0.36  1.78  2.3  3.09  0.28  
z = 9.343636975245317e-13
r = 0.0  0.0  0.0  0.0  0.0  0.0  0.0  0.0  0.0  0.0  0.0  0.0  0.0  0.0  

 - - - - - - - - - - - - - - F A S E: 2 - - - - - - - - - - - - - - - - - - - - - 

Iteration: 1  q: 12  p: 6  Theta: 0.2573673372151756  z: -881.7374770904132  
Iteration: 2  q: 3  p: 11  Theta: 1.4059909568696165  z: -958.5773417818964  
Iteration: 3  q: 13  p: 10  Theta: 0.47428979627226403  z: -982.2856638224167  
Iteration: 4  q: 14  p: 13  Theta: 64.58991694565879  z: -1028.754175070924  
Iteration: 5  q: 8  p: 5  Theta: 0.5122153018240544  z: -1077.3239314628465  
Iteration: 6  q: 11  p: 12  Theta: 1.400587910548938  z: -1150.2966008763494  
Iteration: 7  q: 15  p: 9  Theta: 69.05161923929688  z: -1187.6624828795175  
Iteration: 8  q: 16  p: 8  Theta: 100.18154741443803  z: -1241.8814467599798  
Iteration: 9  q: 9  p: 4  Theta: 1.2796377886416717  z: -1244.742437277587  
Iteration: 10  q: 10  p: 9  Theta: 1.2284110606500986  z: -1249.3799187673972  
Iteration: 11  q: 18  p: 7  Theta: 183.17168212589138  z: -1261.5686315127002  
Iteration: 12  q: 20  p: 10  Theta: 280.1233618670839  z: -1429.419937623611  
Iteration: 13  q: 5  p: 11  Theta: 1.208864565639471  z: -1435.6780134432902  
Iteration: 14  q: 8  p: 5  Theta: 0.6202182983634954  z: -1478.601012146402  
Iteration: 15  q: 17  p: 8  Theta: 35.13411599301847  z: -1504.6650527240536  
Iteration: 16  q: 19  p: 17  Theta: 160.60026685863542  z: -1542.1779745338001  
Iteration: 17  q: 10  p: 18  Theta: 0.042270543459461296  z: -1542.190198730038  
Iteration: 18  q: 21  p: 10  Theta: 1.03111305031803  z: -1544.3146894783774  
Iteration: 19  q: 11  p: 1  Theta: 1.459767193213702  z: -1549.9589902725309  
Iteration: 20  q: 17  p: 3  Theta: 62.80453728960171  z: -1678.5499240962617  
Iteration: 21  q: 1  p: 11  Theta: 0.6609131138180409  z: -1725.843571564522  
Iteration: 22  q: 8  p: 1  Theta: 1.119227243883518  z: -1744.6999224423603  
Iteration: 23  q: 18  p: 8  Theta: 167.5987933634986  z: -1791.904977375565  
Iteration: 24  q: 3  p: 20  Theta: 3.1662287669558844  z: -1800.801936942441  
Iteration: 25  q: 22  p: 19  Theta: 82.12688349114899  z: -1876.1668764335702  
Iteration: 26  q: 10  p: 16  Theta: 0.41100251156818784  z: -1890.581749511353  
Iteration: 27  q: 13  p: 10  Theta: 0.32963881128747546  z: -1890.8208153711269  
Iteration: 28  q: 19  p: 2  Theta: 142.4279048194635  z: -1961.3230544350583  
Iteration: 29  q: 10  p: 3  Theta: 4.0853359613878215  z: -2004.4709524170516  
Iteration: 30  q: 20  p: 13  Theta: 692.766666666666  z: -2708.3583333333327  
Iteration: 31  q: 16  p: 0  Theta: 2215.0  z: -7097.749999999998  
Iteration: 32  q: 13  p: 10  Theta: 212.66666666666666  z: -9569.999999999998  
Problema no acotado
