 - - - - - - - - - - - - - - F A S E: 1 - - - - - - - - - - - - - - - - - - - - - 

Iteration: 1  q: 0  p: 20  Theta: 0.11320754716981132  z: 2223.188679245283  
Iteration: 2  q: 2  p: 27  Theta: 0.029874213836477977  z: 2208.5204402515724  
Iteration: 3  q: 3  p: 25  Theta: 0.9508726464142314  z: 1766.560889283486  
Iteration: 4  q: 1  p: 29  Theta: 0.14483228343668209  z: 1724.3296491920476  
Iteration: 5  q: 4  p: 24  Theta: 2.4936696565981027  z: 1441.8306551958358  
Iteration: 6  q: 5  p: 0  Theta: 0.13177052911261097  z: 1412.9458891102777  
Iteration: 7  q: 6  p: 5  Theta: 0.10847618916481762  z: 1393.3728797527567  
Iteration: 8  q: 7  p: 28  Theta: 0.007718243191385034  z: 1379.835474416901  
Iteration: 9  q: 5  p: 6  Theta: 0.6657559880597943  z: 1314.3032488702268  
Iteration: 10  q: 9  p: 23  Theta: 0.39438964963186984  z: 894.2041934971326  
Iteration: 11  q: 0  p: 2  Theta: 2.817704665887525  z: 888.7723920070465  
Iteration: 12  q: 6  p: 1  Theta: 1.7895994526168466  z: 411.3382155085468  
Iteration: 13  q: 2  p: 0  Theta: 1.7184134553328714  z: 392.7895563627982  
Iteration: 14  q: 8  p: 21  Theta: 0.23731436558288863  z: 313.5446027226382  
Iteration: 15  q: 10  p: 22  Theta: 0.05004366219484425  z: 282.34769816588414  
Iteration: 16  q: 0  p: 8  Theta: 0.04879817495985456  z: 278.71578829415427  
Iteration: 17  q: 1  p: 3  Theta: 1.0791733418816323  z: 136.47573218368706  
Iteration: 18  q: 12  p: 26  Theta: 1.0304119282084976  z: 0.0  

Optim!!!


Optim solution:
vb = 5  0  10  9  4  1  12  2  7  6  
xb = 2.56  1.88  1.47  1.4  1.29  0.49  1.03  0.13  2.06  1.81  
z = 0.0
r = 0.0  0.0  0.0  0.0  0.0  0.0  0.0  0.0  0.0  0.0  

 - - - - - - - - - - - - - - F A S E: 2 - - - - - - - - - - - - - - - - - - - - - 

Iteration: 1  q: 8  p: 6  Theta: 2.023120887193252  z: 267.47934247541605  
Iteration: 2  q: 11  p: 5  Theta: 2.3616886480613544  z: 135.92097292233177  
Iteration: 3  q: 6  p: 2  Theta: 0.05683364049998216  z: 119.77489348936805  
Iteration: 4  q: 13  p: 4  Theta: 0.09984605574514932  z: 108.44345799945059  
Iteration: 5  q: 2  p: 6  Theta: 0.5203384918067926  z: 82.93940595993362  
Iteration: 6  q: 3  p: 7  Theta: 0.31597641895201184  z: 56.911592577155034  
Iteration: 7  q: 5  p: 3  Theta: 0.1804933517669224  z: 54.89551909146445  
Iteration: 8  q: 14  p: 5  Theta: 105.5862144737111  z: 53.65801898801146  
Iteration: 9  q: 15  p: 9  Theta: 73.56962000754517  z: 18.46962837010281  
Iteration: 10  q: 3  p: 8  Theta: 1.5135821643937535  z: -23.12895547401866  
Iteration: 11  q: 5  p: 3  Theta: 0.6218303718241945  z: -32.77755448182441  
Iteration: 12  q: 9  p: 14  Theta: 0.9263137744019695  z: -42.29848953869201  
Iteration: 13  q: 16  p: 9  Theta: 150.1722675159089  z: -93.05713279977124  
Iteration: 14  q: 18  p: 2  Theta: 444.74823849253335  z: -250.13365830766787  

Optim!!!


Optim solution:
vb = 11  0  10  15  13  1  12  18  16  5  
xb = 1.4  2.36  0.3  293.96  4.32  0.15  3.03  444.75  520.01  2.74  
z = -250.13365830766787
r = 90.27  16.02  32.73  189.23  91.76  48.41  57.56  0.24  0.51  0.41  
