 - - - - - - - - - - - - - - F A S E: 1 - - - - - - - - - - - - - - - - - - - - - 

Iteration: 1  q: 0  p: 31  Theta: 8.154639175257731  z: 3767.7319587628867  
Iteration: 2  q: 1  p: 30  Theta: 2.3403065451532736  z: 2774.5010356255175  
Iteration: 3  q: 2  p: 32  Theta: 6.479501086357298  z: 2305.679338132763  
Iteration: 4  q: 4  p: 25  Theta: 0.9646984537217943  z: 1933.7861055228395  
Iteration: 5  q: 3  p: 29  Theta: 0.2221708171297026  z: 392.17207501889925  
Iteration: 6  q: 7  p: 2  Theta: 0.09925619662953697  z: 372.77497157493093  
Iteration: 7  q: 5  p: 3  Theta: 0.22506770353443198  z: 368.02016387471826  
Iteration: 8  q: 6  p: 5  Theta: 1.0018729272948246  z: 313.1933149329823  
Iteration: 9  q: 8  p: 26  Theta: 0.21352184190240503  z: 276.3431703701159  
Iteration: 10  q: 9  p: 24  Theta: 0.3124848077346249  z: 156.43455957354067  
Iteration: 11  q: 2  p: 28  Theta: 1.0306102841414233  z: 110.613996265724  
Iteration: 12  q: 5  p: 2  Theta: 0.4864794220101854  z: 61.506923740219634  
Iteration: 13  q: 10  p: 33  Theta: 0.25129896160286513  z: 27.791595335654925  
Iteration: 14  q: 2  p: 5  Theta: 0.5931156709239862  z: 25.69964386877284  
Iteration: 15  q: 11  p: 27  Theta: 0.42251860062240715  z: -5.684341886080802e-14  

Optim!!!


Optim solution:
vb = 9  4  8  11  2  6  1  0  7  10  
xb = 1.45  1.26  0.82  0.42  1.02  3.03  2.55  2.13  0.83  0.7  
z = -5.684341886080802e-14
r = 0.0  0.0  0.0  0.0  0.0  0.0  0.0  0.0  0.0  0.0  0.0  0.0  0.0  0.0  

 - - - - - - - - - - - - - - F A S E: 2 - - - - - - - - - - - - - - - - - - - - - 

Iteration: 1  q: 5  p: 2  Theta: 0.6865499552852121  z: -894.8807571067061  
Iteration: 2  q: 12  p: 8  Theta: 0.9243310853755906  z: -982.164022214881  
Iteration: 3  q: 13  p: 9  Theta: 0.42298832082504445  z: -1072.6422223508712  
Iteration: 4  q: 14  p: 11  Theta: 2.057286856935965  z: -1073.653226472646  
Iteration: 5  q: 15  p: 14  Theta: 1.2745196680736253  z: -1074.4332031643046  
Iteration: 6  q: 17  p: 6  Theta: 18.09469420222472  z: -1088.0442300655968  
Iteration: 7  q: 8  p: 5  Theta: 0.30715223835240735  z: -1103.1733160471206  
Iteration: 8  q: 14  p: 1  Theta: 45.48250194616289  z: -1122.5403190796371  
Iteration: 9  q: 5  p: 8  Theta: 0.12227313974878039  z: -1123.2079482813638  
Iteration: 10  q: 19  p: 5  Theta: 5.498513392873341  z: -1128.1151397500257  
Iteration: 11  q: 1  p: 14  Theta: 1.0138682266515353  z: -1132.5824499522187  
Iteration: 12  q: 16  p: 7  Theta: 91.73487942163416  z: -1183.095480693546  
Iteration: 13  q: 14  p: 1  Theta: 200.09744056285453  z: -1229.4668060806182  
Iteration: 14  q: 6  p: 10  Theta: 3.9745334467337803  z: -1259.7289426548748  
Iteration: 15  q: 18  p: 0  Theta: 198.42306761703134  z: -1335.3229489612293  
Iteration: 16  q: 10  p: 6  Theta: 0.3605009912665526  z: -1337.2729878749535  
Iteration: 17  q: 20  p: 10  Theta: 30.121657764314985  z: -1383.6520221055794  
Iteration: 18  q: 21  p: 12  Theta: 1934.5648854961823  z: -2468.0229007633575  
Iteration: 19  q: 6  p: 4  Theta: 6.26666666666667  z: -2594.5999999999985  
Iteration: 20  q: 23  p: 6  Theta: 564.0000000000007  z: -4625.000000000001  
Iteration: 21  q: 12  p: 21  Theta: 85.24137931034485  z: -5477.413793103449  
Iteration: 22  q: 22  p: 13  Theta: 631.4999999999985  z: -11864.999999999985  
Problema no acotado
