 - - - - - - - - - - - - - - F A S E: 1 - - - - - - - - - - - - - - - - - - - - - 

Iteration  1: q =  0, p = 22, theta = 0.5555555555555556,    z = 2549.6666666666665
Iteration  2: q =  2, p = 21, theta = 0.4535537190082645,    z = 2281.767603305785
Iteration  3: q =  5, p = 29, theta = 1.577056286729381,     z = 1734.1005295734365
Iteration  4: q =  6, p = 25, theta = 0.5412728372175682,    z = 1274.8871635176708
Iteration  5: q =  3, p = 27, theta = 0.7683566811416954,    z = 1025.2735598138588
Iteration  6: q =  1, p = 23, theta = 0.49171249110956566,   z = 949.9287874295278
Iteration  7: q =  4, p =  2, theta = 0.27249482601104374,   z = 867.234626601643
Iteration  8: q =  9, p = 26, theta = 0.05330356053122519,   z = 801.8024873138165
Iteration  9: q =  2, p =  1, theta = 0.4055310634563273,    z = 731.3647459709312
Iteration 10: q =  7, p = 20, theta = 2.1950087296656693,    z = 116.98443057089185
Iteration 11: q =  1, p = 28, theta = 0.22710691915227166,   z = 85.79742207294558
Iteration 12: q = 12, p = 24, theta = 0.22175305863895198,   z = 2.984279490192421e-13

 - - - - - - - - - - - - - - F A S E: 2 - - - - - - - - - - - - - - - - - - - - - 

Iteration  1: q =  8, p =  3, theta = 0.18127920469673628,   z = 162.09360998984238
Iteration  2: q = 10, p =  1, theta = 0.14496361878221253,   z = 157.17451587942
Iteration  3: q =  3, p =  9, theta = 0.6324601266851075,    z = 132.94226370188096
Iteration  4: q = 11, p =  7, theta = 0.7433429085343997,    z = 54.7857072274647
Iteration  5: q =  1, p =  8, theta = 0.6157078946818608,    z = 49.44120598512259
Iteration  6: q =  9, p =  1, theta = 0.9540567495984698,    z = -18.834788314637606
Iteration  7: q = 13, p = 10, theta = 0.06306177478300294,   z = -29.057393185022853
Iteration  8: q = 15, p =  6, theta = 232.87781851662976,    z = -177.26705356132499
Iteration  9: q = 10, p =  2, theta = 1.9974024627926408,    z = -264.3970253816614
Iteration 10: q = 16, p =  9, theta = 83.19114207057504,     z = -301.2648487697623
Iteration 11: q = 18, p = 13, theta = 27.018788517774073,    z = -318.7911143299146
Iteration 12: q =  9, p =  0, theta = 0.05472517661291169,   z = -320.0178355243203
Iteration 13: q = 17, p =  9, theta = 7.28974548675475,      z = -322.8677942757067
Iteration 14: q =  2, p = 10, theta = 1.3377785578284862,    z = -383.339936096774
Iteration 15: q = 19, p =  3, theta = 311.6960205833214,     z = -469.31249243496273

Optim solution:
vb = 11  4  17  2  12  15  19  16  18  5  
xb = 3.68  1.56  44.28  1.28  2.77  249.89  311.7  244.47  43.18  2.51  
z = -469.31249243496273
r = 163.9  161.54  30.06  44.3  62.58  2.02  73.07  31.88  81.47  0.48  
