 - - - - - - - - - - - - - - F A S E: 1 - - - - - - - - - - - - - - - - - - - - - 

Iteration  1: q =  0, p = 22, theta = 0.7121212121212122,    z = 2009.8939393939395
Iteration  2: q =  1, p = 21, theta = 0.18184786157362065,   z = 1955.5958210904344
Iteration  3: q =  2, p =  1, theta = 0.25882899628252787,   z = 1921.0999070631972
Iteration  4: q =  3, p = 20, theta = 0.11991367748051193,   z = 1857.1650212276759
Iteration  5: q =  1, p =  2, theta = 0.43784835633408187,   z = 1855.2171333275442
Iteration  6: q =  4, p = 25, theta = 0.35465622853837137,   z = 1749.2040442422212
Iteration  7: q =  2, p =  1, theta = 0.8663410893118277,    z = 1720.3273302409998
Iteration  8: q =  5, p = 23, theta = 0.034539364265643094,  z = 1713.5247313427503
Iteration  9: q =  1, p = 26, theta = 1.7733012966415405,    z = 1181.1441852240528
Iteration 10: q =  8, p = 24, theta = 0.889719673637713,     z = 840.1519780758176
Iteration 11: q =  6, p =  2, theta = 0.7541353208511591,    z = 817.1186379686399
Iteration 12: q =  7, p =  6, theta = 1.000804455275778,     z = 465.27135442558296
Iteration 13: q =  9, p = 29, theta = 0.57343607500377,      z = 363.2781257381296
Iteration 14: q =  2, p =  7, theta = 0.40611115900655825,   z = 307.88944856072914
Iteration 15: q = 10, p =  0, theta = 0.4809560705107092,    z = 236.5228453615053
Iteration 16: q = 11, p = 27, theta = 0.3119446048065255,    z = 63.007111776933584
Iteration 17: q = 12, p = 11, theta = 0.3456851321434229,    z = 6.6060783643103775
Iteration 18: q =  0, p = 28, theta = 0.08319405203455105,   z = 1.509903313490213e-13

 - - - - - - - - - - - - - - F A S E: 2 - - - - - - - - - - - - - - - - - - - - - 

Iteration  1: q = 11, p = 10, theta = 0.8886586668447292,    z = 13.653550090911267
Iteration  2: q = 13, p =  8, theta = 0.17524962736078611,   z = -10.713979187031676
Iteration  3: q =  7, p = 12, theta = 0.5241343722522938,    z = -84.6549937204083
Iteration  4: q = 15, p =  7, theta = 411.7646503627307,     z = -255.8000755105678
Iteration  5: q =  8, p = 11, theta = 0.09692241825973891,   z = -332.66269408157314
Iteration  6: q =  6, p =  1, theta = 0.2091242049300461,    z = -348.086443751593
Iteration  7: q =  7, p =  6, theta = 0.3311848633822455,    z = -352.713696920451

Optim solution:
vb = 3  2  8  5  13  4  7  15  0  9  
xb = 1.75  1.16  0.26  0.35  3.61  1.19  0.33  664.24  1.23  3.61  
z = -352.713696920451
r = 60.58  22.13  103.52  145.14  120.47  0.26  0.02  0.18  0.01  0.4  
