 - - - - - - - - - - - - - - F A S E: 1 - - - - - - - - - - - - - - - - - - - - - 

Iteration  1: q =  0, p = 26, theta = 0.6585365853658537,    z = 2707.0
Iteration  2: q =  1, p = 25, theta = 0.8453770905648469,    z = 2443.242347743768
Iteration  3: q =  2, p = 22, theta = 1.2178392254084764,    z = 1991.1353875885761
Iteration  4: q =  3, p = 28, theta = 1.1612767443046472,    z = 1624.5573246658087
Iteration  5: q =  4, p =  1, theta = 1.1339134934660233,    z = 1468.8620078535937
Iteration  6: q =  5, p =  2, theta = 1.3487285003963825,    z = 1415.6713595882877
Iteration  7: q =  6, p = 27, theta = 0.38280529970568655,   z = 1222.966586772373
Iteration  8: q =  2, p = 29, theta = 2.7402625880606433,    z = 957.6632018084604
Iteration  9: q =  7, p = 24, theta = 1.5142061322268134,    z = 735.8629889346388
Iteration 10: q =  8, p =  5, theta = 2.0638770791277823,    z = 682.0056797863363
Iteration 11: q =  9, p = 23, theta = 1.570525480303614,     z = 474.6942710032979
Iteration 12: q =  1, p = 20, theta = 0.05738398100354215,   z = 463.8241305551324
Iteration 13: q =  5, p =  1, theta = 0.14997197650001917,   z = 463.04325325840796
Iteration 14: q = 11, p =  6, theta = 0.716799445141803,     z = 364.8411880413393
Iteration 15: q = 10, p =  8, theta = 0.653817738074869,     z = 187.98960615801917
Iteration 16: q =  1, p =  0, theta = 0.10384125476077768,   z = 157.6581432049705
Iteration 17: q =  8, p =  4, theta = 1.050317296661711,     z = 156.48056206102254
Iteration 18: q = 12, p = 21, theta = 0.7141687927961101,    z = -5.684341886080802e-14

 - - - - - - - - - - - - - - F A S E: 2 - - - - - - - - - - - - - - - - - - - - - 

Iteration  1: q =  4, p =  8, theta = 1.7055658472010577,    z = -132.5098378984723
Iteration  2: q = 14, p =  7, theta = 179.1660723963586,     z = -245.2136791603772
Iteration  3: q = 15, p =  3, theta = 9.38121670095417,      z = -251.9918836683364
Iteration  4: q =  0, p = 14, theta = 1.3974996755854852,    z = -296.1604129147867
Iteration  5: q =  7, p =  4, theta = 0.7022465301652249,    z = -323.13977633849913
Iteration  6: q = 16, p =  1, theta = 273.6164909874534,     z = -363.3004226335891
Iteration  7: q = 18, p =  5, theta = 147.25113725837468,    z = -531.4775369740141
Iteration  8: q =  1, p =  0, theta = 0.7608299645930293,    z = -580.3607021925418
Iteration  9: q =  4, p = 16, theta = 0.831656384865826,     z = -588.0826031630539
Iteration 10: q =  6, p = 10, theta = 1.3596539707801434,    z = -630.5460446569282
Iteration 11: q = 16, p =  4, theta = 356.160872985528,      z = -639.0848634465283
Iteration 12: q = 19, p =  1, theta = 104.74745556434785,    z = -695.7364401350497
Iteration 13: q =  4, p = 12, theta = 2.203421811519408,     z = -787.4708046225695
Iteration 14: q =  0, p = 16, theta = 0.004150805423309872,  z = -787.4866301540125

Optim solution:
vb = 18  4  6  9  19  7  0  11  15  2  
xb = 764.42  2.21  1.48  2.47  291.82  3.6  0.0  2.21  322.82  0.52  
z = -787.4866301540125
r = 31.36  109.99  192.25  176.13  5.52  114.31  186.01  0.37  0.01  0.53  
