 - - - - - - - - - - - - - - F A S E: 1 - - - - - - - - - - - - - - - - - - - - - 

Iteration: 1  q: 0  p: 23  Theta: 1.488888888888889  z: 2082.866666666667  
Iteration: 2  q: 1  p: 25  Theta: 0.6571428571428573  z: 1989.9904761904763  
Iteration: 3  q: 2  p: 22  Theta: 0.7164537089529458  z: 1596.0803279403428  
Iteration: 4  q: 3  p: 27  Theta: 0.2665600799946234  z: 1425.1117312609358  
Iteration: 5  q: 4  p: 29  Theta: 0.3635721257591785  z: 1397.3449356520887  
Iteration: 6  q: 5  p: 28  Theta: 0.09370151937154177  z: 1390.0836154250712  
Iteration: 7  q: 6  p: 20  Theta: 0.3359947637747518  z: 1350.7362453994356  
Iteration: 8  q: 7  p: 2  Theta: 0.5467361442614243  z: 1348.6446947674956  
Iteration: 9  q: 8  p: 6  Theta: 1.5420274575584332  z: 1346.1250042082106  
Iteration: 10  q: 9  p: 7  Theta: 0.5750439189823838  z: 1089.7425168395896  
Iteration: 11  q: 10  p: 4  Theta: 1.5084531186324925  z: 726.7149602049014  
Iteration: 12  q: 11  p: 24  Theta: 0.015264027131215031  z: 697.6477426609948  
Iteration: 13  q: 2  p: 26  Theta: 0.32300127212170804  z: 486.3287976351687  
Iteration: 14  q: 4  p: 0  Theta: 1.1833552574640926  z: 50.96915176113606  
Iteration: 15  q: 6  p: 21  Theta: 0.2478601784706357  z: -4.973799150320701e-14  

Optim!!!


Optim solution:
vb = 8  6  9  4  11  1  2  3  5  10  
xb = 2.03  0.25  0.8  1.38  1.42  1.32  1.32  1.16  3.14  1.48  
z = -4.973799150320701e-14
r = 0.0  0.0  0.0  0.0  0.0  0.0  0.0  0.0  0.0  0.0  

 - - - - - - - - - - - - - - F A S E: 2 - - - - - - - - - - - - - - - - - - - - - 

Iteration: 1  q: 0  p: 2  Theta: 0.2966737664918173  z: 461.1731319960957  
Iteration: 2  q: 7  p: 3  Theta: 1.3616246056650099  z: 200.30833631932182  
Iteration: 3  q: 12  p: 8  Theta: 0.2946038745215257  z: 95.93859881505166  
Iteration: 4  q: 2  p: 6  Theta: 3.0342585083462787  z: -155.67742632097452  
Iteration: 5  q: 3  p: 11  Theta: 0.35425775634028406  z: -270.89176930803393  
Iteration: 6  q: 13  p: 5  Theta: 0.23708274924546718  z: -282.76694874547104  
Iteration: 7  q: 15  p: 13  Theta: 46.44022788009893  z: -293.0110509679762  
Iteration: 8  q: 16  p: 0  Theta: 284.8533473396919  z: -304.85683347115656  
Iteration: 9  q: 18  p: 7  Theta: 135.60364936650012  z: -326.4760164403867  
Iteration: 10  q: 0  p: 1  Theta: 0.439283857713215  z: -371.5145398702432  
Iteration: 11  q: 19  p: 4  Theta: 62.07246118440772  z: -373.8063964644449  

Optim!!!


Optim solution:
vb = 12  2  9  19  3  0  16  18  15  10  
xb = 1.3  3.64  1.5  62.07  1.68  0.02  460.73  520.95  33.48  6.93  
z = -373.8063964644449
r = 39.45  4.75  60.3  58.96  5.14  249.16  58.1  33.12  0.35  0.48  
