 - - - - - - - - - - - - - - F A S E: 1 - - - - - - - - - - - - - - - - - - - - - 

Iteration: 1  q: 0  p: 28  Theta: 1.0  z: 1820.0  
Iteration: 2  q: 1  p: 26  Theta: 1.4736616702355458  z: 1812.6792291220556  
Iteration: 3  q: 3  p: 1  Theta: 0.34610742305371156  z: 1702.971031985516  
Iteration: 4  q: 2  p: 25  Theta: 1.5406197014121412  z: 1672.6356071225264  
Iteration: 5  q: 5  p: 23  Theta: 0.52636273213668  z: 1558.0732187250226  
Iteration: 6  q: 4  p: 21  Theta: 0.9031890507138687  z: 1234.220678538236  
Iteration: 7  q: 1  p: 20  Theta: 0.6526096005917003  z: 891.5465089564359  
Iteration: 8  q: 7  p: 24  Theta: 0.5033306656381275  z: 695.3736521841938  
Iteration: 9  q: 6  p: 27  Theta: 0.6024613696135527  z: 535.5746363043406  
Iteration: 10  q: 9  p: 7  Theta: 2.1241907598931955  z: 406.2648409176895  
Iteration: 11  q: 10  p: 2  Theta: 0.9297159591874116  z: 302.11733799465924  
Iteration: 12  q: 11  p: 29  Theta: 0.6629228587231984  z: 113.07936290274893  
Iteration: 13  q: 2  p: 10  Theta: 0.47229975377208083  z: 49.79524297246116  
Iteration: 14  q: 7  p: 22  Theta: 1.4052983049157208  z: 1.2079226507921703e-13  

Optim!!!


Optim solution:
vb = 1  4  7  5  9  2  3  6  0  11  
xb = 0.62  0.98  1.41  1.82  0.4  0.94  1.49  2.29  1.68  2.05  
z = 1.2079226507921703e-13
r = 0.0  0.0  0.0  0.0  0.0  0.0  0.0  0.0  0.0  0.0  

 - - - - - - - - - - - - - - F A S E: 2 - - - - - - - - - - - - - - - - - - - - - 

Iteration: 1  q: 8  p: 9  Theta: 0.09383046002143652  z: -233.9852456445676  
Iteration: 2  q: 10  p: 8  Theta: 0.12217306284868752  z: -252.323039253685  
Iteration: 3  q: 12  p: 2  Theta: 0.7029873670047303  z: -345.5753859547833  
Iteration: 4  q: 18  p: 3  Theta: 172.46190924012126  z: -467.6314801213415  
Iteration: 5  q: 8  p: 5  Theta: 0.23636863482413978  z: -469.0246823203314  

Optim!!!


Optim solution:
vb = 1  4  7  8  10  12  18  6  0  11  
xb = 3.35  2.12  2.05  0.24  2.27  1.37  191.0  1.9  1.09  0.27  
z = -469.0246823203314
r = 98.31  79.99  5.44  79.0  200.43  0.16  1.03  0.76  0.31  0.6  
