 - - - - - - - - - - - - - - F A S E: 1 - - - - - - - - - - - - - - - - - - - - - 

Iteration: 1  q: 1  p: 29  Theta: 1.25  z: 1126.75  
Iteration: 2  q: 3  p: 25  Theta: 0.5916473317865429  z: 1003.7169373549884  
Iteration: 3  q: 8  p: 28  Theta: 0.07743380487000377  z: 992.1853729644033  
Iteration: 4  q: 9  p: 27  Theta: 0.49982548973861796  z: 899.1609481281264  
Iteration: 5  q: 4  p: 3  Theta: 0.3183216022412664  z: 891.0136738064311  
Iteration: 6  q: 7  p: 4  Theta: 0.3322367513871451  z: 889.9569621521728  
Iteration: 7  q: 10  p: 21  Theta: 0.12631964491225983  z: 841.5894003950852  
Iteration: 8  q: 3  p: 7  Theta: 0.07294532804809786  z: 818.0534388819168  
Iteration: 9  q: 5  p: 3  Theta: 0.21081886089832935  z: 809.1366531299142  
Iteration: 10  q: 11  p: 5  Theta: 0.23709197251145825  z: 805.3051366347232  
Iteration: 11  q: 12  p: 8  Theta: 0.03457580752594979  z: 796.2514438990231  
Iteration: 12  q: 3  p: 11  Theta: 0.16167159524576424  z: 778.9268102994419  
Iteration: 13  q: 5  p: 1  Theta: 0.48861105325050025  z: 731.8710027687749  
Iteration: 14  q: 15  p: 22  Theta: 51.311399367737934  z: 700.3374086126458  
Iteration: 15  q: 1  p: 9  Theta: 0.18180394957743787  z: 685.8743133333998  
Iteration: 16  q: 16  p: 26  Theta: 258.6534408180062  z: 427.2208725153936  
Iteration: 17  q: 13  p: 1  Theta: 0.12795391425382363  z: 419.689780812524  

Optim!!!


Optim solution:
vb = 20  10  15  23  24  3  16  13  12  5  
xb = 108.58  0.29  83.54  53.87  257.24  0.13  274.89  0.13  0.92  0.36  
z = 419.689780812524
r = 366.07  41.42  303.56  169.81  355.31  201.01  147.83  66.86  90.2  1.0  1.25  0.22  2.66  
Problema no factible
