 - - - - - - - - - - - - - - F A S E: 1 - - - - - - - - - - - - - - - - - - - - - 

Iteration  1: q =  0, p = 33, theta = 6.276595744680851,     z = 3274.04255319149
Iteration  2: q =  1, p = 24, theta = 3.0642912470952752,    z = 2245.6142525174287
Iteration  3: q =  2, p = 27, theta = 0.4190489645115647,    z = 2089.195010403971
Iteration  4: q =  4, p = 31, theta = 6.114267767555979,     z = 1103.2003947650119
Iteration  5: q =  5, p = 28, theta = 0.7561119052937777,    z = 814.1140993467824
Iteration  6: q =  3, p =  2, theta = 2.5083174559915884,    z = 751.4018696060054
Iteration  7: q =  6, p = 26, theta = 1.4046394187338687,    z = 728.9040597736804
Iteration  8: q =  8, p = 32, theta = 1.160341343620674,     z = 485.7784834504118
Iteration  9: q =  7, p =  6, theta = 0.782273171924627,     z = 370.9011465942348
Iteration 10: q =  9, p = 30, theta = 0.6293176740817561,    z = 258.9300092234339
Iteration 11: q =  6, p =  4, theta = 0.21970570854435495,   z = 192.49015257756628
Iteration 12: q =  2, p = 25, theta = 0.8541950242702352,    z = 29.88383632040791
Iteration 13: q = 10, p =  2, theta = 0.25582665278540045,   z = 18.48877496910017
Iteration 14: q = 11, p = 29, theta = 0.2529389454609659,    z = 8.526512829121202e-14

 - - - - - - - - - - - - - - F A S E: 2 - - - - - - - - - - - - - - - - - - - - - 

Iteration  1: q =  2, p = 10, theta = 0.7677177761994749,    z = -771.4765182706461
Iteration  2: q = 13, p = 11, theta = 0.5081401402831799,    z = -774.883999695931
Iteration  3: q = 14, p = 13, theta = 86.1536718728142,      z = -781.7174738397749
Iteration  4: q = 15, p =  5, theta = 45.29012888117684,     z = -813.338707755725
Iteration  5: q = 10, p =  0, theta = 0.3440551234251032,    z = -876.6975707671932
Iteration  6: q = 11, p = 10, theta = 0.39815946900907573,   z = -881.3922844519496
Iteration  7: q = 16, p = 11, theta = 137.35166427433862,    z = -1001.1917967215416
Iteration  8: q =  4, p =  2, theta = 0.49678497857938647,   z = -1133.0162992258552
Iteration  9: q = 11, p =  8, theta = 0.851982315763761,     z = -1344.9358593338789
Iteration 10: q = 12, p =  7, theta = 1.1706332450324135,    z = -1612.9050819637005
Iteration 11: q = 18, p = 11, theta = 80.0006411053338,      z = -1789.679711303951
Iteration 12: q = 20, p =  3, theta = 47.762211033825224,    z = -1994.2581321475982
Iteration 13: q =  5, p =  1, theta = 0.1495693242867287,    z = -2065.538980092358
Iteration 14: q = 17, p = 12, theta = 6.874498061132992,     z = -2081.514926503026
Iteration 15: q =  1, p =  5, theta = 0.027971521945761413,  z = -2082.5436871705465
Iteration 16: q = 19, p =  4, theta = 485.9335757067655,     z = -2715.0739856994305
Iteration 17: q =  5, p = 17, theta = 2.964156961828609,     z = -2766.0839320569794
Iteration 18: q = 21, p =  9, theta = 490.06363501200076,    z = -4811.95779613857
Iteration 19: q = 17, p =  5, theta = 1617.8122448979618,    z = -15399.400000000016
Iteration 20: q = 23, p =  1, theta = 2058.9999999999927,    z = -69756.99999999983
Problema no acotado
