 - - - - - - - - - - - - - - F A S E: 1 - - - - - - - - - - - - - - - - - - - - - 

Iteration  1: q =  0, p = 22, theta = 0.2571428571428571,    z = 2110.2571428571428
Iteration  2: q =  2, p = 25, theta = 0.18245614035087718,   z = 2107.95298245614
Iteration  3: q =  3, p = 28, theta = 0.23834404947872034,   z = 2036.9569525992158
Iteration  4: q =  1, p = 26, theta = 2.6120912577207567,    z = 1785.7547354864453
Iteration  5: q =  4, p = 29, theta = 0.878587932849953,     z = 1632.251960007942
Iteration  6: q =  6, p =  3, theta = 0.35139115063651616,   z = 1441.6838056197375
Iteration  7: q =  7, p = 21, theta = 0.7016339196821426,    z = 1388.7696260580503
Iteration  8: q =  9, p =  1, theta = 2.4053537888855883,    z = 829.1329260664965
Iteration  9: q =  3, p =  4, theta = 0.23165580215256984,   z = 767.90564148185
Iteration 10: q = 10, p = 27, theta = 0.04570319003815584,   z = 734.2191856965179
Iteration 11: q =  1, p =  0, theta = 0.7928650584512638,    z = 688.8564810462417
Iteration 12: q =  5, p =  1, theta = 0.9588770120100554,    z = 584.0346800630895
Iteration 13: q = 11, p = 20, theta = 0.26753312384648237,   z = 332.34191055237864
Iteration 14: q =  0, p =  3, theta = 0.2759996414482381,    z = 322.3765060789557
Iteration 15: q =  1, p = 24, theta = 0.4080291889581471,    z = 199.31756538447507
Iteration 16: q = 12, p =  0, theta = 0.9351394743608898,    z = 189.47417220744703
Iteration 17: q =  4, p =  9, theta = 0.9595392337100006,    z = 188.92140890280754
Iteration 18: q =  8, p = 11, theta = 0.4713249573921896,    z = 188.4509037537641
Iteration 19: q = 13, p = 23, theta = 0.6987453901926343,    z = -1.1368683772161603e-13

 - - - - - - - - - - - - - - F A S E: 2 - - - - - - - - - - - - - - - - - - - - - 

Iteration  1: q =  0, p =  4, theta = 0.6329989533361015,    z = -497.1875060233382
Iteration  2: q =  3, p = 10, theta = 0.24167511919300375,   z = -523.2288886216074
Iteration  3: q =  4, p =  7, theta = 0.1551210086927829,    z = -571.0663423786697
Iteration  4: q =  9, p =  4, theta = 0.2549735371474893,    z = -599.5743045109044
Iteration  5: q = 10, p =  0, theta = 0.36014855146381447,   z = -647.0857141020527
Iteration  6: q = 11, p = 12, theta = 0.7808815831455274,    z = -767.7801623858235
Iteration  7: q = 15, p =  5, theta = 192.9600950160122,     z = -815.2770995272095
Iteration  8: q =  7, p =  1, theta = 0.01461406506595544,   z = -815.4737626816338
Iteration  9: q = 16, p =  7, theta = 2.702966687956796,     z = -816.1383593618934
Iteration 10: q = 17, p = 15, theta = 273.7679185801057,     z = -880.019266341317
Optim solution:
vb = 8  9  17  13  16  2  10  3  6  11  
xb = 2.61  3.43  273.77  0.58  148.92  1.09  1.11  1.75  1.75  1.07  
z = -880.019266341317
r = 88.91  136.14  54.64  122.29  56.3  0.09  0.78  0.32  0.02  0.52  
