 - - - - - - - - - - - - - - F A S E: 1 - - - - - - - - - - - - - - - - - - - - - 

Iteration  1: q =  1, p = 22, theta = 0.8529411764705882,    z = 2309.1176470588234
Iteration  2: q =  0, p = 21, theta = 0.8146618482188953,    z = 2126.4656685596283
Iteration  3: q =  3, p = 25, theta = 0.19166563440421447,   z = 1996.4278084218045
Iteration  4: q =  2, p = 26, theta = 0.20588414919793752,   z = 1831.9842819269625
Iteration  5: q =  4, p =  0, theta = 0.024257840114832667,  z = 1816.6079515063507
Iteration  6: q =  5, p = 28, theta = 0.06385731660319992,   z = 1525.5015058617548
Iteration  7: q =  0, p = 20, theta = 0.9758738009918848,    z = 1164.6046552319435
Iteration  8: q =  7, p =  4, theta = 0.5190925132219187,    z = 1003.690821560065
Iteration  9: q =  6, p = 27, theta = 0.41311871524775595,   z = 802.9017974832726
Iteration 10: q =  8, p =  6, theta = 0.5086727831347149,    z = 565.3349011890274
Iteration 11: q =  4, p =  5, theta = 0.39142495588509385,   z = 462.4696537308927
Iteration 12: q =  9, p = 23, theta = 0.2745662527169364,    z = 333.22291934357906
Iteration 13: q =  5, p = 29, theta = 0.26885617536235606,   z = 158.880541939117
Iteration 14: q = 10, p = 24, theta = 0.6281947322171252,    z = 0.0

 - - - - - - - - - - - - - - F A S E: 2 - - - - - - - - - - - - - - - - - - - - - 

Iteration  1: q =  6, p =  2, theta = 0.4710910926872031,    z = -405.78061503678623
Iteration  2: q = 11, p =  7, theta = 0.3704031736048034,    z = -446.3348566686228
Iteration  3: q = 13, p =  1, theta = 0.22945544977631863,   z = -487.49447742647783
Iteration  4: q = 12, p =  0, theta = 1.0766500397323164,    z = -497.6508539242342
Iteration  5: q = 16, p =  3, theta = 262.33845113552496,    z = -540.63432292513

Optim solution:
vb = 12  11  13  9  10  16  6  8  4  5  
xb = 1.52  1.08  2.79  1.02  2.5  262.34  1.94  0.13  2.77  1.2  
z = -540.63432292513
r = 4.43  68.88  348.21  25.72  50.5  0.65  1.18  0.07  0.38  1.62  
