 - - - - - - - - - - - - - - F A S E: 1 - - - - - - - - - - - - - - - - - - - - - 

Iteration  1: q =  1, p = 22, theta = 0.35443037974683544,   z = 2251.784810126582
Iteration  2: q =  2, p = 23, theta = 0.10475922275415377,   z = 2209.393128696142
Iteration  3: q =  0, p = 27, theta = 0.015398230088495595,  z = 2202.6294333641526
Iteration  4: q =  3, p = 26, theta = 0.5079094387526928,    z = 2016.094402237246
Iteration  5: q =  4, p =  1, theta = 0.6247625491261731,    z = 1845.2640088436356
Iteration  6: q =  5, p = 21, theta = 0.11754419104472531,   z = 1752.4945093028573
Iteration  7: q =  1, p =  4, theta = 1.7943246361432106,    z = 1493.7600090535695
Iteration  8: q =  6, p =  3, theta = 0.003860353604357142,  z = 1489.9902960470454
Iteration  9: q =  4, p = 29, theta = 0.10837129921764425,   z = 1069.893709346885
Iteration 10: q =  7, p =  6, theta = 0.8695863159258018,    z = 970.3539785983785
Iteration 11: q =  8, p = 24, theta = 2.283625595959362,     z = 668.5461653015559
Iteration 12: q =  9, p =  4, theta = 0.795592110381476,     z = 539.5850074591865
Iteration 13: q =  3, p = 28, theta = 0.4784347860832368,    z = 510.1089302603319
Iteration 14: q =  6, p =  7, theta = 1.2022327317934454,    z = 508.0453193412358
Iteration 15: q = 10, p =  8, theta = 0.9690836609091885,    z = 487.0029479529714
Iteration 16: q = 11, p = 10, theta = 0.8223313385629124,    z = 402.39191192445475
Iteration 17: q = 12, p = 20, theta = 1.6456903510107685,    z = 133.30742948063698
Iteration 18: q =  4, p =  2, theta = 0.5149076476360377,    z = 57.59578045015313
Iteration 19: q =  7, p =  1, theta = 0.21465016336450873,   z = 20.818107507628312
Iteration 20: q = 13, p = 25, theta = 0.03935063515334035,   z = -1.2789769243681803e-13

 - - - - - - - - - - - - - - F A S E: 2 - - - - - - - - - - - - - - - - - - - - - 

Iteration  1: q =  1, p =  7, theta = 0.7644429641347313,    z = -216.1267863601689
Iteration  2: q =  2, p =  4, theta = 0.2193989500430206,    z = -220.43585320769193
Iteration  3: q =  8, p =  3, theta = 1.5201781803014607,    z = -298.92444886212735
Iteration  4: q =  4, p =  9, theta = 1.0180249151973857,    z = -380.64652379968874
Iteration  5: q =  3, p =  1, theta = 0.253943213912475,     z = -384.14076874333085
Iteration  6: q = 10, p =  5, theta = 1.2845497679342666,    z = -505.3716475568996
Iteration  7: q =  1, p = 12, theta = 0.33310843363759407,   z = -519.2033296109207
Iteration  8: q =  9, p =  0, theta = 0.1574155255546117,    z = -520.023673631686
Iteration  9: q = 16, p = 13, theta = 594.5181589133025,     z = -596.0365449400375
Iteration 10: q =  0, p =  1, theta = 0.8525641724214941,    z = -598.0864945333473
Iteration 11: q = 18, p = 11, theta = 103.88975216630932,    z = -641.4968040541434
Iteration 12: q =  1, p =  0, theta = 1.3710192152195408,    z = -710.4132271965515
Iteration 13: q = 12, p = 16, theta = 1.14858540598527,      z = -752.8632248235922
Iteration 14: q = 13, p =  3, theta = 0.46374681883868624,   z = -759.2058587859512
Optim solution:
vb = 1  10  13  2  18  12  6  9  8  4  
xb = 1.93  3.77  0.46  2.71  558.3  0.5  1.65  0.45  1.76  0.72  
z = -759.2058587859512
r = 36.63  14.31  131.04  80.47  171.7  0.92  0.78  0.08  0.84  0.44  
