 - - - - - - - - - - - - - - F A S E: 1 - - - - - - - - - - - - - - - - - - - - - 

Iteration  1: q =  0, p = 22, theta = 0.24561403508771928,   z = 712.4736842105264
Iteration  2: q =  1, p = 28, theta = 0.07061403508771931,   z = 675.0482456140351
Iteration  3: q =  2, p = 26, theta = 0.18967016537499234,   z = 667.3183544883138
Iteration  4: q =  5, p =  1, theta = 0.037983151391535054,  z = 666.3567786300093
Iteration  5: q =  6, p =  5, theta = 0.04480053839548863,   z = 662.0415806084796
Iteration  6: q =  7, p = 27, theta = 0.23223087750089758,   z = 591.2735074392974
Iteration  7: q =  1, p =  0, theta = 0.04163873784731354,   z = 588.8073634097608
Iteration  8: q =  9, p =  6, theta = 0.33874216172052596,   z = 471.0670436091702
Iteration  9: q =  0, p = 20, theta = 0.04092490769019871,   z = 386.45213490275415
Iteration 10: q =  6, p = 29, theta = 0.05692935403432825,   z = 385.0437785207356
Iteration 11: q = 12, p =  6, theta = 0.028041204874307224,  z = 382.8284050257966
Iteration 12: q =  3, p =  2, theta = 0.07410818574876074,   z = 382.27552540541944
Iteration 13: q = 15, p = 25, theta = 294.6160581759557,     z = 87.65946722946376
Iteration 14: q = 16, p =  0, theta = 5.579197164271536,     z = 78.73038967538737
Iteration 15: q =  2, p = 12, theta = 0.14582874343881713,   z = 69.42175665996386
Iteration 16: q =  4, p = 21, theta = 0.008943169642168755,  z = 64.50748384092708
Iteration 17: q =  5, p =  4, theta = 0.010882791197970415,  z = 64.06975793560322
Iteration 18: q =  6, p =  7, theta = 0.015243579374158923,  z = 61.67543868163454
Iteration 19: q = 19, p =  1, theta = 1.7314794132246445,    z = 61.21856578310628
Problema no factible
