 - - - - - - - - - - - - - - F A S E: 1 - - - - - - - - - - - - - - - - - - - - - 

Iteration  1: q =  0, p = 26, theta = 8.314606741573034,     z = 2896.5505617977533
Iteration  2: q =  2, p = 25, theta = 3.4859813084112123,    z = 2687.0000000000005
Iteration  3: q =  1, p = 30, theta = 0.7877115841083319,    z = 2480.1819474168906
Iteration  4: q =  3, p =  1, theta = 1.0801780073422704,    z = 2358.0257868749823
Iteration  5: q =  4, p =  0, theta = 0.06326665077873884,   z = 2344.4673327912756
Iteration  6: q =  5, p = 28, theta = 2.1182104907286643,    z = 1366.365138912703
Iteration  7: q =  1, p = 33, theta = 2.3301557643671176,    z = 987.3920406766185
Iteration  8: q =  6, p = 32, theta = 0.5875280020829683,    z = 775.8090114646376
Iteration  9: q =  7, p =  3, theta = 0.37589165163032046,   z = 738.8413772496327
Iteration 10: q =  8, p =  6, theta = 0.42905070421765884,   z = 530.0030501074926
Iteration 11: q =  0, p = 29, theta = 2.4508188396965562,    z = 344.82767918577986
Iteration 12: q =  9, p = 24, theta = 1.3270719103722584,    z = 161.90897335777254
Iteration 13: q = 10, p = 27, theta = 1.5449339406911602,    z = 17.743083445201194
Iteration 14: q = 11, p = 31, theta = 0.5671976666828688,    z = 8.739675649849232e-13

 - - - - - - - - - - - - - - F A S E: 2 - - - - - - - - - - - - - - - - - - - - - 

Iteration  1: q =  6, p = 10, theta = 1.0188268735622983,    z = -654.6304415102786
Iteration  2: q = 12, p =  4, theta = 1.6485962944618748,    z = -745.8467472681513
Iteration  3: q = 10, p = 11, theta = 0.39915907355170865,   z = -746.5349777176597
Iteration  4: q = 13, p = 10, theta = 0.8719656706902486,    z = -751.7835311721983
Iteration  5: q = 15, p =  7, theta = 46.92206115856277,     z = -827.2368065283965
Iteration  6: q = 10, p =  2, theta = 0.3473720387079193,    z = -889.0584257453662
Iteration  7: q =  7, p =  5, theta = 0.18151756112805206,   z = -922.6447219150785
Iteration  8: q = 11, p = 13, theta = 0.22848798382293534,   z = -926.8565375214134
Iteration  9: q = 18, p =  9, theta = 4.074664398023952,     z = -928.7404323860478
Iteration 10: q = 19, p =  7, theta = 29.32086004707406,     z = -968.9883650525136
Iteration 11: q =  2, p = 10, theta = 0.11145125514811774,   z = -1000.7183965226773
Iteration 12: q = 14, p =  2, theta = 19.266155035548604,    z = -1005.0124655148844
Iteration 13: q = 17, p = 14, theta = 29.77737757378847,     z = -1011.6486158672121
Iteration 14: q =  7, p =  1, theta = 0.7284422406294098,    z = -1022.6716100974215
Iteration 15: q = 20, p =  7, theta = 32.017232650163564,    z = -1044.4571867744123
Iteration 16: q =  2, p = 11, theta = 1.1512755178555019,    z = -1072.62960834733
Iteration 17: q = 10, p = 12, theta = 0.995055680626908,     z = -1077.8404691209998
Iteration 18: q = 16, p = 10, theta = 42.66113745112077,     z = -1108.5089080151567
Iteration 19: q = 14, p =  2, theta = 814.0438519654009,     z = -1200.2655206394397
Iteration 20: q = 22, p = 16, theta = 156.18059978605433,    z = -1306.5976097087143
Iteration 21: q = 21, p =  0, theta = 519.7012987012985,     z = -1444.6623376623381
Iteration 22: q = 23, p =  6, theta = 42724.99999999993,     z = -71779.99999999987
Problema no acotado
